[2025-07-28T16:06:45.589+07:00] [error]: Cannot read properties of undefined (reading 'isEmailTaken')
[2025-07-31T14:12:47.151+07:00] [error]: Cannot read properties of undefined (reading 'authService')
[2025-07-31T14:13:51.653+07:00] [error]: Cannot read properties of undefined (reading 'authService')
[2025-07-31T14:22:43.605+07:00] [error]: TypeError: Cannot read properties of undefined (reading 'authService')
    at register (/home/blackie/insider/purwadhika/playground/mini-project/api/src/controllers/auth.controller.ts:12:31)
    at Layer.handleRequest (/home/blackie/insider/purwadhika/playground/mini-project/api/node_modules/router/lib/layer.js:152:17)
    at next (/home/blackie/insider/purwadhika/playground/mini-project/api/node_modules/router/lib/route.js:157:13)
    at Route.dispatch (/home/blackie/insider/purwadhika/playground/mini-project/api/node_modules/router/lib/route.js:117:3)
    at handle (/home/blackie/insider/purwadhika/playground/mini-project/api/node_modules/router/index.js:435:11)
    at Layer.handleRequest (/home/blackie/insider/purwadhika/playground/mini-project/api/node_modules/router/lib/layer.js:152:17)
    at /home/blackie/insider/purwadhika/playground/mini-project/api/node_modules/router/index.js:295:15
    at processParams (/home/blackie/insider/purwadhika/playground/mini-project/api/node_modules/router/index.js:582:12)
    at next (/home/blackie/insider/purwadhika/playground/mini-project/api/node_modules/router/index.js:291:5)
    at Function.handle (/home/blackie/insider/purwadhika/playground/mini-project/api/node_modules/router/index.js:186:3)
[2025-07-31T14:23:50.674+07:00] [error]: Cannot read properties of undefined (reading 'authService')
[2025-07-31T14:24:52.433+07:00] [error]: Cannot read properties of undefined (reading 'authService')
[2025-07-31T14:25:37.607+07:00] [error]: Hehe
[2025-07-31T14:25:52.681+07:00] [error]: "Hehe"
[2025-07-31T14:26:06.287+07:00] [error]: Hehe
[2025-07-31T14:26:21.923+07:00] [error]: "Hehe"
[2025-07-31T14:26:27.629+07:00] [error]: "Hehe"
[2025-07-31T14:49:46.552+07:00] [error]: TypeError: Cannot read properties of undefined (reading 'authService')
    at register (/home/blackie/insider/purwadhika/playground/mini-project/api/src/controllers/auth.controller.ts:12:31)
    at Layer.handleRequest (/home/blackie/insider/purwadhika/playground/mini-project/api/node_modules/router/lib/layer.js:152:17)
    at next (/home/blackie/insider/purwadhika/playground/mini-project/api/node_modules/router/lib/route.js:157:13)
    at Route.dispatch (/home/blackie/insider/purwadhika/playground/mini-project/api/node_modules/router/lib/route.js:117:3)
    at handle (/home/blackie/insider/purwadhika/playground/mini-project/api/node_modules/router/index.js:435:11)
    at Layer.handleRequest (/home/blackie/insider/purwadhika/playground/mini-project/api/node_modules/router/lib/layer.js:152:17)
    at /home/blackie/insider/purwadhika/playground/mini-project/api/node_modules/router/index.js:295:15
    at processParams (/home/blackie/insider/purwadhika/playground/mini-project/api/node_modules/router/index.js:582:12)
    at next (/home/blackie/insider/purwadhika/playground/mini-project/api/node_modules/router/index.js:291:5)
    at Function.handle (/home/blackie/insider/purwadhika/playground/mini-project/api/node_modules/router/index.js:186:3)
[2025-07-31T14:54:45.680+07:00] [error]: TypeError: Cannot read properties of undefined (reading 'authService')
    at register (/home/blackie/insider/purwadhika/playground/mini-project/api/src/controllers/auth.controller.ts:12:31)
    at Layer.handleRequest (/home/blackie/insider/purwadhika/playground/mini-project/api/node_modules/router/lib/layer.js:152:17)
    at next (/home/blackie/insider/purwadhika/playground/mini-project/api/node_modules/router/lib/route.js:157:13)
    at Route.dispatch (/home/blackie/insider/purwadhika/playground/mini-project/api/node_modules/router/lib/route.js:117:3)
    at handle (/home/blackie/insider/purwadhika/playground/mini-project/api/node_modules/router/index.js:435:11)
    at Layer.handleRequest (/home/blackie/insider/purwadhika/playground/mini-project/api/node_modules/router/lib/layer.js:152:17)
    at /home/blackie/insider/purwadhika/playground/mini-project/api/node_modules/router/index.js:295:15
    at processParams (/home/blackie/insider/purwadhika/playground/mini-project/api/node_modules/router/index.js:582:12)
    at next (/home/blackie/insider/purwadhika/playground/mini-project/api/node_modules/router/index.js:291:5)
    at Function.handle (/home/blackie/insider/purwadhika/playground/mini-project/api/node_modules/router/index.js:186:3)
[2025-07-31T14:54:47.239+07:00] [error]: TypeError: Cannot read properties of undefined (reading 'authService')
    at register (/home/blackie/insider/purwadhika/playground/mini-project/api/src/controllers/auth.controller.ts:12:31)
    at Layer.handleRequest (/home/blackie/insider/purwadhika/playground/mini-project/api/node_modules/router/lib/layer.js:152:17)
    at next (/home/blackie/insider/purwadhika/playground/mini-project/api/node_modules/router/lib/route.js:157:13)
    at Route.dispatch (/home/blackie/insider/purwadhika/playground/mini-project/api/node_modules/router/lib/route.js:117:3)
    at handle (/home/blackie/insider/purwadhika/playground/mini-project/api/node_modules/router/index.js:435:11)
    at Layer.handleRequest (/home/blackie/insider/purwadhika/playground/mini-project/api/node_modules/router/lib/layer.js:152:17)
    at /home/blackie/insider/purwadhika/playground/mini-project/api/node_modules/router/index.js:295:15
    at processParams (/home/blackie/insider/purwadhika/playground/mini-project/api/node_modules/router/index.js:582:12)
    at next (/home/blackie/insider/purwadhika/playground/mini-project/api/node_modules/router/index.js:291:5)
    at Function.handle (/home/blackie/insider/purwadhika/playground/mini-project/api/node_modules/router/index.js:186:3)
[2025-07-31T14:54:48.075+07:00] [error]: TypeError: Cannot read properties of undefined (reading 'authService')
    at register (/home/blackie/insider/purwadhika/playground/mini-project/api/src/controllers/auth.controller.ts:12:31)
    at Layer.handleRequest (/home/blackie/insider/purwadhika/playground/mini-project/api/node_modules/router/lib/layer.js:152:17)
    at next (/home/blackie/insider/purwadhika/playground/mini-project/api/node_modules/router/lib/route.js:157:13)
    at Route.dispatch (/home/blackie/insider/purwadhika/playground/mini-project/api/node_modules/router/lib/route.js:117:3)
    at handle (/home/blackie/insider/purwadhika/playground/mini-project/api/node_modules/router/index.js:435:11)
    at Layer.handleRequest (/home/blackie/insider/purwadhika/playground/mini-project/api/node_modules/router/lib/layer.js:152:17)
    at /home/blackie/insider/purwadhika/playground/mini-project/api/node_modules/router/index.js:295:15
    at processParams (/home/blackie/insider/purwadhika/playground/mini-project/api/node_modules/router/index.js:582:12)
    at next (/home/blackie/insider/purwadhika/playground/mini-project/api/node_modules/router/index.js:291:5)
    at Function.handle (/home/blackie/insider/purwadhika/playground/mini-project/api/node_modules/router/index.js:186:3)
[2025-07-31T14:55:08.096+07:00] [error]: TypeError: Cannot read properties of undefined (reading 'authService')
    at register (/home/blackie/insider/purwadhika/playground/mini-project/api/src/controllers/auth.controller.ts:12:31)
    at Layer.handleRequest (/home/blackie/insider/purwadhika/playground/mini-project/api/node_modules/router/lib/layer.js:152:17)
    at next (/home/blackie/insider/purwadhika/playground/mini-project/api/node_modules/router/lib/route.js:157:13)
    at Route.dispatch (/home/blackie/insider/purwadhika/playground/mini-project/api/node_modules/router/lib/route.js:117:3)
    at handle (/home/blackie/insider/purwadhika/playground/mini-project/api/node_modules/router/index.js:435:11)
    at Layer.handleRequest (/home/blackie/insider/purwadhika/playground/mini-project/api/node_modules/router/lib/layer.js:152:17)
    at /home/blackie/insider/purwadhika/playground/mini-project/api/node_modules/router/index.js:295:15
    at processParams (/home/blackie/insider/purwadhika/playground/mini-project/api/node_modules/router/index.js:582:12)
    at next (/home/blackie/insider/purwadhika/playground/mini-project/api/node_modules/router/index.js:291:5)
    at Function.handle (/home/blackie/insider/purwadhika/playground/mini-project/api/node_modules/router/index.js:186:3)
[2025-07-31T14:55:09.625+07:00] [error]: TypeError: Cannot read properties of undefined (reading 'authService')
    at register (/home/blackie/insider/purwadhika/playground/mini-project/api/src/controllers/auth.controller.ts:12:31)
    at Layer.handleRequest (/home/blackie/insider/purwadhika/playground/mini-project/api/node_modules/router/lib/layer.js:152:17)
    at next (/home/blackie/insider/purwadhika/playground/mini-project/api/node_modules/router/lib/route.js:157:13)
    at Route.dispatch (/home/blackie/insider/purwadhika/playground/mini-project/api/node_modules/router/lib/route.js:117:3)
    at handle (/home/blackie/insider/purwadhika/playground/mini-project/api/node_modules/router/index.js:435:11)
    at Layer.handleRequest (/home/blackie/insider/purwadhika/playground/mini-project/api/node_modules/router/lib/layer.js:152:17)
    at /home/blackie/insider/purwadhika/playground/mini-project/api/node_modules/router/index.js:295:15
    at processParams (/home/blackie/insider/purwadhika/playground/mini-project/api/node_modules/router/index.js:582:12)
    at next (/home/blackie/insider/purwadhika/playground/mini-project/api/node_modules/router/index.js:291:5)
    at Function.handle (/home/blackie/insider/purwadhika/playground/mini-project/api/node_modules/router/index.js:186:3)
[2025-07-31T14:55:23.019+07:00] [error]: TypeError: Cannot read properties of undefined (reading 'authService')
    at register (/home/blackie/insider/purwadhika/playground/mini-project/api/src/controllers/auth.controller.ts:12:31)
    at Layer.handleRequest (/home/blackie/insider/purwadhika/playground/mini-project/api/node_modules/router/lib/layer.js:152:17)
    at next (/home/blackie/insider/purwadhika/playground/mini-project/api/node_modules/router/lib/route.js:157:13)
    at Route.dispatch (/home/blackie/insider/purwadhika/playground/mini-project/api/node_modules/router/lib/route.js:117:3)
    at handle (/home/blackie/insider/purwadhika/playground/mini-project/api/node_modules/router/index.js:435:11)
    at Layer.handleRequest (/home/blackie/insider/purwadhika/playground/mini-project/api/node_modules/router/lib/layer.js:152:17)
    at /home/blackie/insider/purwadhika/playground/mini-project/api/node_modules/router/index.js:295:15
    at processParams (/home/blackie/insider/purwadhika/playground/mini-project/api/node_modules/router/index.js:582:12)
    at next (/home/blackie/insider/purwadhika/playground/mini-project/api/node_modules/router/index.js:291:5)
    at Function.handle (/home/blackie/insider/purwadhika/playground/mini-project/api/node_modules/router/index.js:186:3)
[2025-07-31T14:55:23.851+07:00] [error]: TypeError: Cannot read properties of undefined (reading 'authService')
    at register (/home/blackie/insider/purwadhika/playground/mini-project/api/src/controllers/auth.controller.ts:12:31)
    at Layer.handleRequest (/home/blackie/insider/purwadhika/playground/mini-project/api/node_modules/router/lib/layer.js:152:17)
    at next (/home/blackie/insider/purwadhika/playground/mini-project/api/node_modules/router/lib/route.js:157:13)
    at Route.dispatch (/home/blackie/insider/purwadhika/playground/mini-project/api/node_modules/router/lib/route.js:117:3)
    at handle (/home/blackie/insider/purwadhika/playground/mini-project/api/node_modules/router/index.js:435:11)
    at Layer.handleRequest (/home/blackie/insider/purwadhika/playground/mini-project/api/node_modules/router/lib/layer.js:152:17)
    at /home/blackie/insider/purwadhika/playground/mini-project/api/node_modules/router/index.js:295:15
    at processParams (/home/blackie/insider/purwadhika/playground/mini-project/api/node_modules/router/index.js:582:12)
    at next (/home/blackie/insider/purwadhika/playground/mini-project/api/node_modules/router/index.js:291:5)
    at Function.handle (/home/blackie/insider/purwadhika/playground/mini-project/api/node_modules/router/index.js:186:3)
[2025-07-31T14:55:48.471+07:00] [error]: TypeError: Cannot read properties of undefined (reading 'authService')
    at register (/home/blackie/insider/purwadhika/playground/mini-project/api/src/controllers/auth.controller.ts:12:31)
    at Layer.handleRequest (/home/blackie/insider/purwadhika/playground/mini-project/api/node_modules/router/lib/layer.js:152:17)
    at next (/home/blackie/insider/purwadhika/playground/mini-project/api/node_modules/router/lib/route.js:157:13)
    at Route.dispatch (/home/blackie/insider/purwadhika/playground/mini-project/api/node_modules/router/lib/route.js:117:3)
    at handle (/home/blackie/insider/purwadhika/playground/mini-project/api/node_modules/router/index.js:435:11)
    at Layer.handleRequest (/home/blackie/insider/purwadhika/playground/mini-project/api/node_modules/router/lib/layer.js:152:17)
    at /home/blackie/insider/purwadhika/playground/mini-project/api/node_modules/router/index.js:295:15
    at processParams (/home/blackie/insider/purwadhika/playground/mini-project/api/node_modules/router/index.js:582:12)
    at next (/home/blackie/insider/purwadhika/playground/mini-project/api/node_modules/router/index.js:291:5)
    at Function.handle (/home/blackie/insider/purwadhika/playground/mini-project/api/node_modules/router/index.js:186:3)
[2025-07-31T14:56:09.188+07:00] [error]: Cannot read properties of undefined (reading 'authService')
[2025-07-31T14:57:13.318+07:00] [error]: [object Object]
[2025-07-31T14:57:49.051+07:00] [error]: TypeError: Cannot read properties of undefined (reading 'authService')
    at register (/home/blackie/insider/purwadhika/playground/mini-project/api/src/controllers/auth.controller.ts:12:31)
    at Layer.handleRequest (/home/blackie/insider/purwadhika/playground/mini-project/api/node_modules/router/lib/layer.js:152:17)
    at next (/home/blackie/insider/purwadhika/playground/mini-project/api/node_modules/router/lib/route.js:157:13)
    at Route.dispatch (/home/blackie/insider/purwadhika/playground/mini-project/api/node_modules/router/lib/route.js:117:3)
    at handle (/home/blackie/insider/purwadhika/playground/mini-project/api/node_modules/router/index.js:435:11)
    at Layer.handleRequest (/home/blackie/insider/purwadhika/playground/mini-project/api/node_modules/router/lib/layer.js:152:17)
    at /home/blackie/insider/purwadhika/playground/mini-project/api/node_modules/router/index.js:295:15
    at processParams (/home/blackie/insider/purwadhika/playground/mini-project/api/node_modules/router/index.js:582:12)
    at next (/home/blackie/insider/purwadhika/playground/mini-project/api/node_modules/router/index.js:291:5)
    at Function.handle (/home/blackie/insider/purwadhika/playground/mini-project/api/node_modules/router/index.js:186:3)
[2025-07-31T14:58:38.250+07:00] [error]: TypeError: Cannot read properties of undefined (reading 'authService')
    at register (/home/blackie/insider/purwadhika/playground/mini-project/api/src/controllers/auth.controller.ts:12:31)
    at Layer.handleRequest (/home/blackie/insider/purwadhika/playground/mini-project/api/node_modules/router/lib/layer.js:152:17)
    at next (/home/blackie/insider/purwadhika/playground/mini-project/api/node_modules/router/lib/route.js:157:13)
    at Route.dispatch (/home/blackie/insider/purwadhika/playground/mini-project/api/node_modules/router/lib/route.js:117:3)
    at handle (/home/blackie/insider/purwadhika/playground/mini-project/api/node_modules/router/index.js:435:11)
    at Layer.handleRequest (/home/blackie/insider/purwadhika/playground/mini-project/api/node_modules/router/lib/layer.js:152:17)
    at /home/blackie/insider/purwadhika/playground/mini-project/api/node_modules/router/index.js:295:15
    at processParams (/home/blackie/insider/purwadhika/playground/mini-project/api/node_modules/router/index.js:582:12)
    at next (/home/blackie/insider/purwadhika/playground/mini-project/api/node_modules/router/index.js:291:5)
    at Function.handle (/home/blackie/insider/purwadhika/playground/mini-project/api/node_modules/router/index.js:186:3)
[2025-07-31T14:59:07.156+07:00] [error]: TypeError: Cannot read properties of undefined (reading 'authService')
    at register (/home/blackie/insider/purwadhika/playground/mini-project/api/src/controllers/auth.controller.ts:12:31)
    at Layer.handleRequest (/home/blackie/insider/purwadhika/playground/mini-project/api/node_modules/router/lib/layer.js:152:17)
    at next (/home/blackie/insider/purwadhika/playground/mini-project/api/node_modules/router/lib/route.js:157:13)
    at Route.dispatch (/home/blackie/insider/purwadhika/playground/mini-project/api/node_modules/router/lib/route.js:117:3)
    at handle (/home/blackie/insider/purwadhika/playground/mini-project/api/node_modules/router/index.js:435:11)
    at Layer.handleRequest (/home/blackie/insider/purwadhika/playground/mini-project/api/node_modules/router/lib/layer.js:152:17)
    at /home/blackie/insider/purwadhika/playground/mini-project/api/node_modules/router/index.js:295:15
    at processParams (/home/blackie/insider/purwadhika/playground/mini-project/api/node_modules/router/index.js:582:12)
    at next (/home/blackie/insider/purwadhika/playground/mini-project/api/node_modules/router/index.js:291:5)
    at Function.handle (/home/blackie/insider/purwadhika/playground/mini-project/api/node_modules/router/index.js:186:3)
[2025-07-31T15:00:29.683+07:00] [error]: TypeError: Cannot read properties of undefined (reading 'authService')
    at register (/home/blackie/insider/purwadhika/playground/mini-project/api/src/controllers/auth.controller.ts:12:31)
    at Layer.handleRequest (/home/blackie/insider/purwadhika/playground/mini-project/api/node_modules/router/lib/layer.js:152:17)
    at next (/home/blackie/insider/purwadhika/playground/mini-project/api/node_modules/router/lib/route.js:157:13)
    at Route.dispatch (/home/blackie/insider/purwadhika/playground/mini-project/api/node_modules/router/lib/route.js:117:3)
    at handle (/home/blackie/insider/purwadhika/playground/mini-project/api/node_modules/router/index.js:435:11)
    at Layer.handleRequest (/home/blackie/insider/purwadhika/playground/mini-project/api/node_modules/router/lib/layer.js:152:17)
    at /home/blackie/insider/purwadhika/playground/mini-project/api/node_modules/router/index.js:295:15
    at processParams (/home/blackie/insider/purwadhika/playground/mini-project/api/node_modules/router/index.js:582:12)
    at next (/home/blackie/insider/purwadhika/playground/mini-project/api/node_modules/router/index.js:291:5)
    at Function.handle (/home/blackie/insider/purwadhika/playground/mini-project/api/node_modules/router/index.js:186:3)
[2025-07-31T15:06:23.683+07:00] [error]: TypeError: Cannot read properties of undefined (reading 'authService')
    at register (/home/blackie/insider/purwadhika/playground/mini-project/api/src/controllers/auth.controller.ts:16:31)
    at Layer.handleRequest (/home/blackie/insider/purwadhika/playground/mini-project/api/node_modules/router/lib/layer.js:152:17)
    at next (/home/blackie/insider/purwadhika/playground/mini-project/api/node_modules/router/lib/route.js:157:13)
    at Route.dispatch (/home/blackie/insider/purwadhika/playground/mini-project/api/node_modules/router/lib/route.js:117:3)
    at handle (/home/blackie/insider/purwadhika/playground/mini-project/api/node_modules/router/index.js:435:11)
    at Layer.handleRequest (/home/blackie/insider/purwadhika/playground/mini-project/api/node_modules/router/lib/layer.js:152:17)
    at /home/blackie/insider/purwadhika/playground/mini-project/api/node_modules/router/index.js:295:15
    at processParams (/home/blackie/insider/purwadhika/playground/mini-project/api/node_modules/router/index.js:582:12)
    at next (/home/blackie/insider/purwadhika/playground/mini-project/api/node_modules/router/index.js:291:5)
    at Function.handle (/home/blackie/insider/purwadhika/playground/mini-project/api/node_modules/router/index.js:186:3)
[2025-07-31T15:06:25.197+07:00] [error]: TypeError: Cannot read properties of undefined (reading 'authService')
    at register (/home/blackie/insider/purwadhika/playground/mini-project/api/src/controllers/auth.controller.ts:16:31)
    at Layer.handleRequest (/home/blackie/insider/purwadhika/playground/mini-project/api/node_modules/router/lib/layer.js:152:17)
    at next (/home/blackie/insider/purwadhika/playground/mini-project/api/node_modules/router/lib/route.js:157:13)
    at Route.dispatch (/home/blackie/insider/purwadhika/playground/mini-project/api/node_modules/router/lib/route.js:117:3)
    at handle (/home/blackie/insider/purwadhika/playground/mini-project/api/node_modules/router/index.js:435:11)
    at Layer.handleRequest (/home/blackie/insider/purwadhika/playground/mini-project/api/node_modules/router/lib/layer.js:152:17)
    at /home/blackie/insider/purwadhika/playground/mini-project/api/node_modules/router/index.js:295:15
    at processParams (/home/blackie/insider/purwadhika/playground/mini-project/api/node_modules/router/index.js:582:12)
    at next (/home/blackie/insider/purwadhika/playground/mini-project/api/node_modules/router/index.js:291:5)
    at Function.handle (/home/blackie/insider/purwadhika/playground/mini-project/api/node_modules/router/index.js:186:3)
[2025-07-31T15:06:25.952+07:00] [error]: TypeError: Cannot read properties of undefined (reading 'authService')
    at register (/home/blackie/insider/purwadhika/playground/mini-project/api/src/controllers/auth.controller.ts:16:31)
    at Layer.handleRequest (/home/blackie/insider/purwadhika/playground/mini-project/api/node_modules/router/lib/layer.js:152:17)
    at next (/home/blackie/insider/purwadhika/playground/mini-project/api/node_modules/router/lib/route.js:157:13)
    at Route.dispatch (/home/blackie/insider/purwadhika/playground/mini-project/api/node_modules/router/lib/route.js:117:3)
    at handle (/home/blackie/insider/purwadhika/playground/mini-project/api/node_modules/router/index.js:435:11)
    at Layer.handleRequest (/home/blackie/insider/purwadhika/playground/mini-project/api/node_modules/router/lib/layer.js:152:17)
    at /home/blackie/insider/purwadhika/playground/mini-project/api/node_modules/router/index.js:295:15
    at processParams (/home/blackie/insider/purwadhika/playground/mini-project/api/node_modules/router/index.js:582:12)
    at next (/home/blackie/insider/purwadhika/playground/mini-project/api/node_modules/router/index.js:291:5)
    at Function.handle (/home/blackie/insider/purwadhika/playground/mini-project/api/node_modules/router/index.js:186:3)
[2025-07-31T15:06:26.506+07:00] [error]: TypeError: Cannot read properties of undefined (reading 'authService')
    at register (/home/blackie/insider/purwadhika/playground/mini-project/api/src/controllers/auth.controller.ts:16:31)
    at Layer.handleRequest (/home/blackie/insider/purwadhika/playground/mini-project/api/node_modules/router/lib/layer.js:152:17)
    at next (/home/blackie/insider/purwadhika/playground/mini-project/api/node_modules/router/lib/route.js:157:13)
    at Route.dispatch (/home/blackie/insider/purwadhika/playground/mini-project/api/node_modules/router/lib/route.js:117:3)
    at handle (/home/blackie/insider/purwadhika/playground/mini-project/api/node_modules/router/index.js:435:11)
    at Layer.handleRequest (/home/blackie/insider/purwadhika/playground/mini-project/api/node_modules/router/lib/layer.js:152:17)
    at /home/blackie/insider/purwadhika/playground/mini-project/api/node_modules/router/index.js:295:15
    at processParams (/home/blackie/insider/purwadhika/playground/mini-project/api/node_modules/router/index.js:582:12)
    at next (/home/blackie/insider/purwadhika/playground/mini-project/api/node_modules/router/index.js:291:5)
    at Function.handle (/home/blackie/insider/purwadhika/playground/mini-project/api/node_modules/router/index.js:186:3)
[2025-07-31T15:08:08.780+07:00] [error]: TypeError: Cannot read properties of undefined (reading 'authService')
    at register (/home/blackie/insider/purwadhika/playground/mini-project/api/src/controllers/auth.controller.ts:16:31)
    at Layer.handleRequest (/home/blackie/insider/purwadhika/playground/mini-project/api/node_modules/router/lib/layer.js:152:17)
    at next (/home/blackie/insider/purwadhika/playground/mini-project/api/node_modules/router/lib/route.js:157:13)
    at Route.dispatch (/home/blackie/insider/purwadhika/playground/mini-project/api/node_modules/router/lib/route.js:117:3)
    at handle (/home/blackie/insider/purwadhika/playground/mini-project/api/node_modules/router/index.js:435:11)
    at Layer.handleRequest (/home/blackie/insider/purwadhika/playground/mini-project/api/node_modules/router/lib/layer.js:152:17)
    at /home/blackie/insider/purwadhika/playground/mini-project/api/node_modules/router/index.js:295:15
    at processParams (/home/blackie/insider/purwadhika/playground/mini-project/api/node_modules/router/index.js:582:12)
    at next (/home/blackie/insider/purwadhika/playground/mini-project/api/node_modules/router/index.js:291:5)
    at Function.handle (/home/blackie/insider/purwadhika/playground/mini-project/api/node_modules/router/index.js:186:3)
[2025-07-31T15:09:22.448+07:00] [error]: Error: Referral code not found
    at ReferralService.applyReferral (/home/blackie/insider/purwadhika/playground/mini-project/api/src/services/referral-service.ts:16:13)
    at async AuthService.registerUser (/home/blackie/insider/purwadhika/playground/mini-project/api/src/services/auth.service.ts:47:7)
    at async register (/home/blackie/insider/purwadhika/playground/mini-project/api/src/controllers/auth.controller.ts:16:20)
[2025-07-31T15:11:37.027+07:00] [error]: Error: Email already registered
    at AuthService.registerUser (/home/blackie/insider/purwadhika/playground/mini-project/api/src/services/auth.service.ts:30:29)
    at async register (/home/blackie/insider/purwadhika/playground/mini-project/api/src/controllers/auth.controller.ts:16:20)
[2025-07-31T17:00:53.093+07:00] [error]: Error: Not allowed by CORS
    at origin (/home/blackie/insider/purwadhika/playground/mini-project/api/src/configs/cors.config.ts:10:14)
    at /home/blackie/insider/purwadhika/playground/mini-project/api/node_modules/cors/lib/index.js:219:13
    at optionsCallback (/home/blackie/insider/purwadhika/playground/mini-project/api/node_modules/cors/lib/index.js:199:9)
    at corsMiddleware (/home/blackie/insider/purwadhika/playground/mini-project/api/node_modules/cors/lib/index.js:204:7)
    at Layer.handleRequest (/home/blackie/insider/purwadhika/playground/mini-project/api/node_modules/router/lib/layer.js:152:17)
    at trimPrefix (/home/blackie/insider/purwadhika/playground/mini-project/api/node_modules/router/index.js:342:13)
    at /home/blackie/insider/purwadhika/playground/mini-project/api/node_modules/router/index.js:297:9
    at processParams (/home/blackie/insider/purwadhika/playground/mini-project/api/node_modules/router/index.js:582:12)
    at next (/home/blackie/insider/purwadhika/playground/mini-project/api/node_modules/router/index.js:291:5)
    at Function.handle (/home/blackie/insider/purwadhika/playground/mini-project/api/node_modules/router/index.js:186:3)
